<?xml version="1.0" encoding="UTF-8"?>
<testng-results ignored="0" total="1" passed="1" failed="0" skipped="0">
  <reporter-output>
  </reporter-output>
  <suite started-at="2025-02-01T01:04:18 NZDT" name="Selenium Suite" finished-at="2025-02-01T01:04:25 NZDT" duration-ms="6574">
    <groups>
    </groups>
    <test started-at="2025-02-01T01:04:18 NZDT" name="LoginTests" finished-at="2025-02-01T01:04:25 NZDT" duration-ms="6574">
      <class name="com.example.tests.LoginTest">
        <test-method is-config="true" signature="setup()[pri:0, instance:com.example.tests.LoginTest@6c80d78a]" started-at="2025-02-01T01:04:19 NZDT" name="setup" finished-at="2025-02-01T01:04:23 NZDT" duration-ms="4334" status="PASS">
          <reporter-output>
          </reporter-output>
        </test-method> <!-- setup -->
        <test-method is-config="true" signature="setupLoginPage()[pri:0, instance:com.example.tests.LoginTest@6c80d78a]" started-at="2025-02-01T01:04:23 NZDT" name="setupLoginPage" finished-at="2025-02-01T01:04:23 NZDT" duration-ms="5" status="PASS">
          <reporter-output>
          </reporter-output>
        </test-method> <!-- setupLoginPage -->
        <test-method signature="testLogin()[pri:0, instance:com.example.tests.LoginTest@6c80d78a]" started-at="2025-02-01T01:04:23 NZDT" name="testLogin" finished-at="2025-02-01T01:04:25 NZDT" duration-ms="1925" status="PASS">
          <reporter-output>
          </reporter-output>
        </test-method> <!-- testLogin -->
        <test-method is-config="true" signature="teardown()[pri:0, instance:com.example.tests.LoginTest@6c80d78a]" started-at="2025-02-01T01:04:25 NZDT" name="teardown" finished-at="2025-02-01T01:04:25 NZDT" duration-ms="145" status="PASS">
          <reporter-output>
          </reporter-output>
        </test-method> <!-- teardown -->
      </class> <!-- com.example.tests.LoginTest -->
    </test> <!-- LoginTests -->
  </suite> <!-- Selenium Suite -->
</testng-results>
