<?xml version="1.0" encoding="UTF-8"?>
<testng-results ignored="0" total="1" passed="1" failed="0" skipped="0">
  <reporter-output>
  </reporter-output>
  <suite started-at="2025-03-24T02:10:01 NZDT" name="POS Malaysia" finished-at="2025-03-24T02:10:08 NZDT" duration-ms="6718">
    <groups>
    </groups>
    <test started-at="2025-03-24T02:10:01 NZDT" name="RateTests" finished-at="2025-03-24T02:10:08 NZDT" duration-ms="6718">
      <class name="com.example.tests.RateTest">
        <test-method is-config="true" signature="setup()[pri:0, instance:com.example.tests.RateTest@15ff3e9e]" started-at="2025-03-24T02:10:01 NZDT" name="setup" finished-at="2025-03-24T02:10:05 NZDT" duration-ms="3700" status="PASS">
          <reporter-output>
          </reporter-output>
        </test-method> <!-- setup -->
        <test-method is-config="true" signature="openMainPage()[pri:0, instance:com.example.tests.RateTest@15ff3e9e]" started-at="2025-03-24T02:10:05 NZDT" name="openMainPage" finished-at="2025-03-24T02:10:05 NZDT" duration-ms="53" status="PASS">
          <reporter-output>
          </reporter-output>
        </test-method> <!-- openMainPage -->
        <test-method signature="quotation()[pri:0, instance:com.example.tests.RateTest@15ff3e9e]" started-at="2025-03-24T02:10:05 NZDT" name="quotation" finished-at="2025-03-24T02:10:07 NZDT" duration-ms="2474" status="PASS">
          <reporter-output>
          </reporter-output>
        </test-method> <!-- quotation -->
        <test-method is-config="true" signature="teardown()[pri:0, instance:com.example.tests.RateTest@15ff3e9e]" started-at="2025-03-24T02:10:07 NZDT" name="teardown" finished-at="2025-03-24T02:10:08 NZDT" duration-ms="228" status="PASS">
          <reporter-output>
          </reporter-output>
        </test-method> <!-- teardown -->
      </class> <!-- com.example.tests.RateTest -->
    </test> <!-- RateTests -->
  </suite> <!-- POS Malaysia -->
</testng-results>
